<?xml version="1.0" encoding="UTF-8"?>
<!-- Generated by org.testng.reporters.JUnitXMLReporter -->
<testsuite hostname="DESKTOP-KBVJ1V7" ignored="0" name="Test" tests="10" failures="1" timestamp="15 Nov 2019 00:30:36 GMT" time="0.027" errors="0">
  <testcase name="Test1" time="0.0" classname="selenium.Testing1"/>
  <testcase name="Test2" time="0.0" classname="selenium.Testing1"/>
  <testcase name="Test3" time="0.0" classname="selenium.Testing1"/>
  <testcase name="f" time="0.0" classname="selenium.Testing1"/>
  <testcase name="f" time="0.0" classname="selenium.Testing1"/>
  <testcase name="Test4" time="0.0" classname="selenium.Testing2"/>
  <testcase name="Test5" time="0.0" classname="selenium.Testing2"/>
  <testcase name="homeTest" time="0.001" classname="selenium.Testing3"/>
  <testcase name="mainTest" time="0.0" classname="selenium.Testing3">
    <failure type="java.lang.AssertionError" message="Verification Element expected [true] but found [false]">
      <![CDATA[java.lang.AssertionError: Verification Element expected [true] but found [false]
at selenium.Testing3.mainTest(Testing3.java:26)
... Removed 27 stack frames]]>
    </failure>
  </testcase> <!-- mainTest -->
  <testcase name="endTest" time="0.0" classname="selenium.Testing3">
    <skipped/>
  </testcase> <!-- endTest -->
</testsuite> <!-- Test -->
